<?xml version="1.0" encoding="UTF-8"?>
<!-- Generated by org.testng.reporters.JUnitXMLReporter -->
<testsuite hostname="spraikar" ignored="0" name="Test" tests="3" failures="0" timestamp="17 Nov 2018 18:50:35 GMT" time="64.149" errors="0">
  <testcase name="testInvalidLogin" time="4.505" classname="scripts.InvalidLogin"/>
  <testcase name="testValidLoginLogout" time="5.644" classname="scripts.ValidLoginLogout"/>
  <testcase name="testVerifyActiTimeVersion" time="5.874" classname="scripts.VerifyActiTimeVersion"/>
</testsuite> <!-- Test -->
